<?xml version="1.0" encoding="UTF-8"?>
<!-- Generated by org.testng.reporters.JUnitReportReporter -->
<testsuite hostname="TARIQ" failures="0" tests="1" name="com.selenium.MedicareAdmin" time="12.326" errors="0" timestamp="2022-03-14T23:15:56 IST" skipped="0">
  <testcase classname="com.selenium.MedicareAdmin" name="testMedicareAdmin" time="12.326"/>
  <system-out/>
</testsuite> <!-- com.selenium.MedicareAdmin -->
