<?xml version="1.0" encoding="UTF-8"?>
<!-- Generated by org.testng.reporters.JUnitReportReporter -->
<testsuite hostname="TARIQ" failures="0" tests="1" name="com.selenium.MedicareUser" time="14.797" errors="0" timestamp="2022-03-14T23:16:41 IST" skipped="0">
  <testcase classname="com.selenium.MedicareUser" name="testMedicareUser" time="14.797"/>
  <system-out/>
</testsuite> <!-- com.selenium.MedicareUser -->
