<?xml version="1.0" encoding="UTF-8"?>
<!-- Generated by org.testng.reporters.JUnitReportReporter -->
<testsuite hostname="TARIQ" failures="0" tests="2" name="com.selenium.Medicare" time="39.003" errors="0" timestamp="2022-03-14T23:26:45 IST" skipped="0">
  <testcase classname="com.selenium.Medicare" name="testMedicareAdmin" time="16.047"/>
  <system-out/>
  <testcase classname="com.selenium.Medicare" name="testMedicareUser" time="22.956"/>
  <system-out/>
</testsuite> <!-- com.selenium.Medicare -->
