<?xml version="1.0" encoding="UTF-8"?>
<!-- Generated by org.testng.reporters.JUnitReportReporter -->
<testsuite hostname="TARIQ" failures="0" tests="2" name="com.testng.AutomateWebApp" time="42.351" errors="0" timestamp="2022-03-11T13:58:36 IST" skipped="0">
  <testcase classname="com.testng.AutomateWebApp" name="registration" time="23.876"/>
  <system-out/>
  <testcase classname="com.testng.AutomateWebApp" name="login" time="18.475"/>
  <system-out/>
</testsuite> <!-- com.testng.AutomateWebApp -->
